<?xml version="1.0" encoding="UTF-8"?>
<!-- Generated by org.testng.reporters.JUnitXMLReporter -->
<testsuite hostname="NDADEVPC502" ignored="0" name="Test" tests="4" failures="4" timestamp="29 May 2019 12:55:53 GMT" time="10.472" errors="0">
  <testcase name="test" time="0.004" classname="objectRepositary.LoginPage">
    <failure type="java.lang.NullPointerException">
      <![CDATA[java.lang.NullPointerException
at org.openqa.selenium.support.pagefactory.DefaultElementLocator.findElement(DefaultElementLocator.java:69)
at org.openqa.selenium.support.pagefactory.internal.LocatingElementHandler.invoke(LocatingElementHandler.java:38)
at com.sun.proxy.$Proxy9.sendKeys(Unknown Source)
at objectRepositary.LoginPage.test(LoginPage.java:49)
... Removed 25 stack frames]]>
    </failure>
  </testcase> <!-- test -->
  <testcase name="test" time="0.002" classname="objectRepositary.LoginPage">
    <failure type="java.lang.NullPointerException">
      <![CDATA[java.lang.NullPointerException
at org.openqa.selenium.support.pagefactory.DefaultElementLocator.findElement(DefaultElementLocator.java:69)
at org.openqa.selenium.support.pagefactory.internal.LocatingElementHandler.invoke(LocatingElementHandler.java:38)
at com.sun.proxy.$Proxy9.sendKeys(Unknown Source)
at objectRepositary.LoginPage.test(LoginPage.java:49)
... Removed 25 stack frames]]>
    </failure>
  </testcase> <!-- test -->
  <testcase name="test" time="0.001" classname="objectRepositary.LoginPage">
    <failure type="java.lang.NullPointerException">
      <![CDATA[java.lang.NullPointerException
at org.openqa.selenium.support.pagefactory.DefaultElementLocator.findElement(DefaultElementLocator.java:69)
at org.openqa.selenium.support.pagefactory.internal.LocatingElementHandler.invoke(LocatingElementHandler.java:38)
at com.sun.proxy.$Proxy9.sendKeys(Unknown Source)
at objectRepositary.LoginPage.test(LoginPage.java:49)
... Removed 25 stack frames]]>
    </failure>
  </testcase> <!-- test -->
  <testcase name="test" time="0.001" classname="objectRepositary.LoginPage">
    <failure type="java.lang.NullPointerException">
      <![CDATA[java.lang.NullPointerException
at org.openqa.selenium.support.pagefactory.DefaultElementLocator.findElement(DefaultElementLocator.java:69)
at org.openqa.selenium.support.pagefactory.internal.LocatingElementHandler.invoke(LocatingElementHandler.java:38)
at com.sun.proxy.$Proxy9.sendKeys(Unknown Source)
at objectRepositary.LoginPage.test(LoginPage.java:49)
... Removed 25 stack frames]]>
    </failure>
  </testcase> <!-- test -->
</testsuite> <!-- Test -->
